[0.711s] Invoking command in '/home/marta/Documents/4º/practicas/ros2_ws/build/ddsm115_controller': PYTHONPATH=/home/marta/Documents/4º/practicas/ros2_ws/build/ddsm115_controller/prefix_override:/home/marta/Documents/4º/practicas/ros2_ws/install/ddsm115_controller/lib/python3.10/site-packages:${PYTHONPATH} /usr/bin/python3 setup.py develop --editable --build-directory /home/marta/Documents/4º/practicas/ros2_ws/build/ddsm115_controller/build --no-deps install_data
[0.929s] running develop
[0.930s] /usr/lib/python3/dist-packages/setuptools/command/easy_install.py:158: EasyInstallDeprecationWarning: easy_install command is deprecated. Use build and pip and other standards-based tools.
[0.930s]   warnings.warn(
[0.931s] /usr/lib/python3/dist-packages/setuptools/command/install.py:34: SetuptoolsDeprecationWarning: setup.py install is deprecated. Use build and pip and other standards-based tools.
[0.931s]   warnings.warn(
[1.099s] running egg_info
[1.099s] writing ddsm115_controller.egg-info/PKG-INFO
[1.100s] writing dependency_links to ddsm115_controller.egg-info/dependency_links.txt
[1.100s] writing entry points to ddsm115_controller.egg-info/entry_points.txt
[1.100s] writing requirements to ddsm115_controller.egg-info/requires.txt
[1.100s] writing top-level names to ddsm115_controller.egg-info/top_level.txt
[1.102s] reading manifest file 'ddsm115_controller.egg-info/SOURCES.txt'
[1.102s] writing manifest file 'ddsm115_controller.egg-info/SOURCES.txt'
[1.104s] running build_ext
[1.104s] Creating /home/marta/Documents/4º/practicas/ros2_ws/install/ddsm115_controller/lib/python3.10/site-packages/ddsm115-controller.egg-link (link to .)
[1.105s] Installing check_motor_id script to /home/marta/Documents/4º/practicas/ros2_ws/install/ddsm115_controller/lib/ddsm115_controller
[1.105s] Installing robot_motor_server script to /home/marta/Documents/4º/practicas/ros2_ws/install/ddsm115_controller/lib/ddsm115_controller
[1.105s] Installing set_motor_id script to /home/marta/Documents/4º/practicas/ros2_ws/install/ddsm115_controller/lib/ddsm115_controller
[1.105s] Installing two_wheels_robot script to /home/marta/Documents/4º/practicas/ros2_ws/install/ddsm115_controller/lib/ddsm115_controller
[1.105s] Installing velocity_control script to /home/marta/Documents/4º/practicas/ros2_ws/install/ddsm115_controller/lib/ddsm115_controller
[1.105s] 
[1.105s] Installed /home/marta/Documents/4º/practicas/ros2_ws/build/ddsm115_controller
[1.105s] running install_data
[1.105s] copying launch/robot_system.launch.py -> /home/marta/Documents/4º/practicas/ros2_ws/install/ddsm115_controller/share/ddsm115_controller/launch
[1.127s] Invoked command in '/home/marta/Documents/4º/practicas/ros2_ws/build/ddsm115_controller' returned '0': PYTHONPATH=/home/marta/Documents/4º/practicas/ros2_ws/build/ddsm115_controller/prefix_override:/home/marta/Documents/4º/practicas/ros2_ws/install/ddsm115_controller/lib/python3.10/site-packages:${PYTHONPATH} /usr/bin/python3 setup.py develop --editable --build-directory /home/marta/Documents/4º/practicas/ros2_ws/build/ddsm115_controller/build --no-deps install_data
