[0.708s] Invoking command in '/home/marta/Documents/4º/practicas/ros2_ws/src/ddsm115_controller': PYTHONPATH=/home/marta/Documents/4º/practicas/ros2_ws/build/ddsm115_controller/prefix_override:/home/marta/Documents/4º/practicas/ros2_ws/install/ddsm115_controller/lib/python3.10/site-packages:${PYTHONPATH} /usr/bin/python3 setup.py egg_info --egg-base ../../build/ddsm115_controller build --build-base /home/marta/Documents/4º/practicas/ros2_ws/build/ddsm115_controller/build install --record /home/marta/Documents/4º/practicas/ros2_ws/build/ddsm115_controller/install.log --single-version-externally-managed
[0.923s] running egg_info
[0.924s] writing ../../build/ddsm115_controller/ddsm115_controller.egg-info/PKG-INFO
[0.924s] writing dependency_links to ../../build/ddsm115_controller/ddsm115_controller.egg-info/dependency_links.txt
[0.924s] writing entry points to ../../build/ddsm115_controller/ddsm115_controller.egg-info/entry_points.txt
[0.924s] writing requirements to ../../build/ddsm115_controller/ddsm115_controller.egg-info/requires.txt
[0.924s] writing top-level names to ../../build/ddsm115_controller/ddsm115_controller.egg-info/top_level.txt
[0.926s] reading manifest file '../../build/ddsm115_controller/ddsm115_controller.egg-info/SOURCES.txt'
[0.932s] writing manifest file '../../build/ddsm115_controller/ddsm115_controller.egg-info/SOURCES.txt'
[0.932s] running build
[0.932s] running build_py
[0.933s] running install
[0.933s] /usr/lib/python3/dist-packages/setuptools/command/install.py:34: SetuptoolsDeprecationWarning: setup.py install is deprecated. Use build and pip and other standards-based tools.
[0.933s]   warnings.warn(
[0.933s] running install_lib
[0.935s] running install_data
[0.935s] running install_egg_info
[0.937s] removing '/home/marta/Documents/4º/practicas/ros2_ws/install/ddsm115_controller/lib/python3.10/site-packages/ddsm115_controller-0.0.0-py3.10.egg-info' (and everything under it)
[0.937s] Copying ../../build/ddsm115_controller/ddsm115_controller.egg-info to /home/marta/Documents/4º/practicas/ros2_ws/install/ddsm115_controller/lib/python3.10/site-packages/ddsm115_controller-0.0.0-py3.10.egg-info
[0.938s] running install_scripts
[0.954s] Installing check_motor_id script to /home/marta/Documents/4º/practicas/ros2_ws/install/ddsm115_controller/lib/ddsm115_controller
[0.955s] Installing set_motor_id script to /home/marta/Documents/4º/practicas/ros2_ws/install/ddsm115_controller/lib/ddsm115_controller
[0.955s] Installing two_wheels_robot script to /home/marta/Documents/4º/practicas/ros2_ws/install/ddsm115_controller/lib/ddsm115_controller
[0.955s] Installing velocity_control script to /home/marta/Documents/4º/practicas/ros2_ws/install/ddsm115_controller/lib/ddsm115_controller
[0.955s] writing list of installed files to '/home/marta/Documents/4º/practicas/ros2_ws/build/ddsm115_controller/install.log'
[0.973s] Invoked command in '/home/marta/Documents/4º/practicas/ros2_ws/src/ddsm115_controller' returned '0': PYTHONPATH=/home/marta/Documents/4º/practicas/ros2_ws/build/ddsm115_controller/prefix_override:/home/marta/Documents/4º/practicas/ros2_ws/install/ddsm115_controller/lib/python3.10/site-packages:${PYTHONPATH} /usr/bin/python3 setup.py egg_info --egg-base ../../build/ddsm115_controller build --build-base /home/marta/Documents/4º/practicas/ros2_ws/build/ddsm115_controller/build install --record /home/marta/Documents/4º/practicas/ros2_ws/build/ddsm115_controller/install.log --single-version-externally-managed
