[0.699s] Invoking command in '/home/marta/Documents/4º/practicas/ros2_ws/src/ddsm115_controller': PYTHONPATH=/home/marta/Documents/4º/practicas/ros2_ws/build/ddsm115_controller/prefix_override:/home/marta/Documents/4º/practicas/ros2_ws/install/ddsm115_controller/lib/python3.10/site-packages:${PYTHONPATH} /usr/bin/python3 setup.py egg_info --egg-base ../../build/ddsm115_controller build --build-base /home/marta/Documents/4º/practicas/ros2_ws/build/ddsm115_controller/build install --record /home/marta/Documents/4º/practicas/ros2_ws/build/ddsm115_controller/install.log --single-version-externally-managed
[0.913s] running egg_info
[0.913s] writing ../../build/ddsm115_controller/ddsm115_controller.egg-info/PKG-INFO
[0.914s] writing dependency_links to ../../build/ddsm115_controller/ddsm115_controller.egg-info/dependency_links.txt
[0.914s] writing entry points to ../../build/ddsm115_controller/ddsm115_controller.egg-info/entry_points.txt
[0.914s] writing requirements to ../../build/ddsm115_controller/ddsm115_controller.egg-info/requires.txt
[0.914s] writing top-level names to ../../build/ddsm115_controller/ddsm115_controller.egg-info/top_level.txt
[0.915s] reading manifest file '../../build/ddsm115_controller/ddsm115_controller.egg-info/SOURCES.txt'
[0.922s] writing manifest file '../../build/ddsm115_controller/ddsm115_controller.egg-info/SOURCES.txt'
[0.922s] running build
[0.922s] running build_py
[0.922s] copying ddsm115_controller/check_motor_id.py -> /home/marta/Documents/4º/practicas/ros2_ws/build/ddsm115_controller/build/lib/ddsm115_controller
[0.923s] running install
[0.923s] /usr/lib/python3/dist-packages/setuptools/command/install.py:34: SetuptoolsDeprecationWarning: setup.py install is deprecated. Use build and pip and other standards-based tools.
[0.923s]   warnings.warn(
[0.923s] running install_lib
[0.923s] copying /home/marta/Documents/4º/practicas/ros2_ws/build/ddsm115_controller/build/lib/ddsm115_controller/check_motor_id.py -> /home/marta/Documents/4º/practicas/ros2_ws/install/ddsm115_controller/lib/python3.10/site-packages/ddsm115_controller
[0.924s] byte-compiling /home/marta/Documents/4º/practicas/ros2_ws/install/ddsm115_controller/lib/python3.10/site-packages/ddsm115_controller/check_motor_id.py to check_motor_id.cpython-310.pyc
[0.925s] running install_data
[0.925s] running install_egg_info
[0.927s] removing '/home/marta/Documents/4º/practicas/ros2_ws/install/ddsm115_controller/lib/python3.10/site-packages/ddsm115_controller-0.0.0-py3.10.egg-info' (and everything under it)
[0.927s] Copying ../../build/ddsm115_controller/ddsm115_controller.egg-info to /home/marta/Documents/4º/practicas/ros2_ws/install/ddsm115_controller/lib/python3.10/site-packages/ddsm115_controller-0.0.0-py3.10.egg-info
[0.928s] running install_scripts
[0.944s] Installing check_motor_id script to /home/marta/Documents/4º/practicas/ros2_ws/install/ddsm115_controller/lib/ddsm115_controller
[0.944s] Installing set_motor_id script to /home/marta/Documents/4º/practicas/ros2_ws/install/ddsm115_controller/lib/ddsm115_controller
[0.944s] Installing two_wheels_robot script to /home/marta/Documents/4º/practicas/ros2_ws/install/ddsm115_controller/lib/ddsm115_controller
[0.945s] Installing velocity_control script to /home/marta/Documents/4º/practicas/ros2_ws/install/ddsm115_controller/lib/ddsm115_controller
[0.945s] writing list of installed files to '/home/marta/Documents/4º/practicas/ros2_ws/build/ddsm115_controller/install.log'
[0.962s] Invoked command in '/home/marta/Documents/4º/practicas/ros2_ws/src/ddsm115_controller' returned '0': PYTHONPATH=/home/marta/Documents/4º/practicas/ros2_ws/build/ddsm115_controller/prefix_override:/home/marta/Documents/4º/practicas/ros2_ws/install/ddsm115_controller/lib/python3.10/site-packages:${PYTHONPATH} /usr/bin/python3 setup.py egg_info --egg-base ../../build/ddsm115_controller build --build-base /home/marta/Documents/4º/practicas/ros2_ws/build/ddsm115_controller/build install --record /home/marta/Documents/4º/practicas/ros2_ws/build/ddsm115_controller/install.log --single-version-externally-managed
