running develop
/usr/lib/python3/dist-packages/setuptools/command/easy_install.py:158: EasyInstallDeprecationWarning: easy_install command is deprecated. Use build and pip and other standards-based tools.
  warnings.warn(
/usr/lib/python3/dist-packages/setuptools/command/install.py:34: SetuptoolsDeprecationWarning: setup.py install is deprecated. Use build and pip and other standards-based tools.
  warnings.warn(
running egg_info
writing ddsm115_controller.egg-info/PKG-INFO
writing dependency_links to ddsm115_controller.egg-info/dependency_links.txt
writing entry points to ddsm115_controller.egg-info/entry_points.txt
writing requirements to ddsm115_controller.egg-info/requires.txt
writing top-level names to ddsm115_controller.egg-info/top_level.txt
reading manifest file 'ddsm115_controller.egg-info/SOURCES.txt'
writing manifest file 'ddsm115_controller.egg-info/SOURCES.txt'
running build_ext
Creating /home/marta/Documents/4º/practicas/ros2_ws/install/ddsm115_controller/lib/python3.10/site-packages/ddsm115-controller.egg-link (link to .)
Installing check_motor_id script to /home/marta/Documents/4º/practicas/ros2_ws/install/ddsm115_controller/lib/ddsm115_controller
Installing robot_motor_server script to /home/marta/Documents/4º/practicas/ros2_ws/install/ddsm115_controller/lib/ddsm115_controller
Installing robot_web_server script to /home/marta/Documents/4º/practicas/ros2_ws/install/ddsm115_controller/lib/ddsm115_controller
Installing set_motor_id script to /home/marta/Documents/4º/practicas/ros2_ws/install/ddsm115_controller/lib/ddsm115_controller
Installing two_wheels_robot script to /home/marta/Documents/4º/practicas/ros2_ws/install/ddsm115_controller/lib/ddsm115_controller
Installing velocity_control script to /home/marta/Documents/4º/practicas/ros2_ws/install/ddsm115_controller/lib/ddsm115_controller

Installed /home/marta/Documents/4º/practicas/ros2_ws/build/ddsm115_controller
running install_data
